<?xml version="1.0" encoding="UTF-8"?>
<testsuite xmlns:xsi="http://www.w3.org/2001/XMLSchema-instance" xsi:noNamespaceSchemaLocation="https://maven.apache.org/surefire/maven-surefire-plugin/xsd/surefire-test-report.xsd" name="cl.klawx3.ChapterOneTest" time="0.031" tests="8" errors="0" skipped="0" failures="0">
  <properties>
    <property name="awt.toolkit" value="sun.awt.X11.XToolkit"/>
    <property name="java.specification.version" value="11"/>
    <property name="sun.cpu.isalist" value=""/>
    <property name="sun.jnu.encoding" value="UTF-8"/>
    <property name="java.class.path" value="/home/klawx3/Projects/java/coding_interview/target/test-classes:/home/klawx3/Projects/java/coding_interview/target/classes:/home/klawx3/.m2/repository/junit/junit/4.11/junit-4.11.jar:/home/klawx3/.m2/repository/org/hamcrest/hamcrest-core/1.3/hamcrest-core-1.3.jar:"/>
    <property name="java.vm.vendor" value="Oracle Corporation"/>
    <property name="sun.arch.data.model" value="64"/>
    <property name="java.vendor.url" value="https://openjdk.java.net/"/>
    <property name="user.timezone" value=""/>
    <property name="java.vm.specification.version" value="11"/>
    <property name="os.name" value="Linux"/>
    <property name="sun.java.launcher" value="SUN_STANDARD"/>
    <property name="user.country" value="ES"/>
    <property name="sun.boot.library.path" value="/usr/lib/jvm/java-11-openjdk/lib"/>
    <property name="sun.java.command" value="/home/klawx3/Projects/java/coding_interview/target/surefire/surefirebooter10406656898954479084.jar /home/klawx3/Projects/java/coding_interview/target/surefire 2021-05-22T18-36-48_078-jvmRun1 surefire4349107770815206648tmp surefire_05108641306090084298tmp"/>
    <property name="jdk.debug" value="release"/>
    <property name="surefire.test.class.path" value="/home/klawx3/Projects/java/coding_interview/target/test-classes:/home/klawx3/Projects/java/coding_interview/target/classes:/home/klawx3/.m2/repository/junit/junit/4.11/junit-4.11.jar:/home/klawx3/.m2/repository/org/hamcrest/hamcrest-core/1.3/hamcrest-core-1.3.jar:"/>
    <property name="sun.cpu.endian" value="little"/>
    <property name="user.home" value="/home/klawx3"/>
    <property name="user.language" value="es"/>
    <property name="java.specification.vendor" value="Oracle Corporation"/>
    <property name="java.version.date" value="2021-04-20"/>
    <property name="java.home" value="/usr/lib/jvm/java-11-openjdk"/>
    <property name="file.separator" value="/"/>
    <property name="basedir" value="/home/klawx3/Projects/java/coding_interview"/>
    <property name="java.vm.compressedOopsMode" value="Zero based"/>
    <property name="line.separator" value="&#10;"/>
    <property name="java.specification.name" value="Java Platform API Specification"/>
    <property name="java.vm.specification.vendor" value="Oracle Corporation"/>
    <property name="java.awt.graphicsenv" value="sun.awt.X11GraphicsEnvironment"/>
    <property name="surefire.real.class.path" value="/home/klawx3/Projects/java/coding_interview/target/surefire/surefirebooter10406656898954479084.jar"/>
    <property name="sun.management.compiler" value="HotSpot 64-Bit Tiered Compilers"/>
    <property name="java.runtime.version" value="11.0.11+9"/>
    <property name="user.name" value="klawx3"/>
    <property name="path.separator" value=":"/>
    <property name="os.version" value="5.12.3-arch1-1"/>
    <property name="java.runtime.name" value="OpenJDK Runtime Environment"/>
    <property name="file.encoding" value="UTF-8"/>
    <property name="java.vm.name" value="OpenJDK 64-Bit Server VM"/>
    <property name="localRepository" value="/home/klawx3/.m2/repository"/>
    <property name="java.vendor.url.bug" value="https://bugreport.java.com/bugreport/"/>
    <property name="java.io.tmpdir" value="/tmp"/>
    <property name="java.version" value="11.0.11"/>
    <property name="user.dir" value="/home/klawx3/Projects/java/coding_interview"/>
    <property name="os.arch" value="amd64"/>
    <property name="java.vm.specification.name" value="Java Virtual Machine Specification"/>
    <property name="java.awt.printerjob" value="sun.print.PSPrinterJob"/>
    <property name="sun.os.patch.level" value="unknown"/>
    <property name="java.library.path" value="/usr/java/packages/lib:/usr/lib64:/lib64:/lib:/usr/lib"/>
    <property name="java.vm.info" value="mixed mode"/>
    <property name="java.vendor" value="Oracle Corporation"/>
    <property name="java.vm.version" value="11.0.11+9"/>
    <property name="sun.io.unicode.encoding" value="UnicodeLittle"/>
    <property name="java.class.version" value="55.0"/>
  </properties>
  <testcase name="testStringHavaUniqueCharacterImproved" classname="cl.klawx3.ChapterOneTest" time="0.001"/>
  <testcase name="testURIlify" classname="cl.klawx3.ChapterOneTest" time="0.001"/>
  <testcase name="oneAwayTest" classname="cl.klawx3.ChapterOneTest" time="0"/>
  <testcase name="testStringHaveUniqueCharacters" classname="cl.klawx3.ChapterOneTest" time="0"/>
  <testcase name="testStringHavaUniqueCharacterNoDataStr" classname="cl.klawx3.ChapterOneTest" time="0"/>
  <testcase name="palindromePermutation" classname="cl.klawx3.ChapterOneTest" time="0"/>
  <testcase name="stringCompression" classname="cl.klawx3.ChapterOneTest" time="0"/>
  <testcase name="testZeroMatrix" classname="cl.klawx3.ChapterOneTest" time="0.01"/>
</testsuite>